2026-01-15 12:14:38,051 INFO: User 'test_phone' uploaded file for word 'bike' (pre-test). Path: 66/38621be4-d9f8-494d-b9ff-86435ca157a6.mp3 [in C:\Users\rookie\Documents\Projects\pronounce-web\flask_app.py:239]
2026-01-15 12:14:38,092 INFO: Analysis completed for submission #603 [in C:\Users\rookie\Documents\Projects\pronounce-web\flask_app.py:248]
2026-01-15 12:14:59,042 INFO: User 'test_phone' uploaded file for word 'bird' (pre-test). Path: 66/c13e5185-15b6-4e0d-82cd-ce167fea1698.mp3 [in C:\Users\rookie\Documents\Projects\pronounce-web\flask_app.py:239]
2026-01-15 12:14:59,088 INFO: Analysis completed for submission #604 [in C:\Users\rookie\Documents\Projects\pronounce-web\flask_app.py:248]
2026-01-15 12:15:18,746 INFO: User 'test_phone' uploaded file for word 'boat' (pre-test). Path: 66/12d3a3d9-5bbe-4683-9609-8bf9e408ec05.mp3 [in C:\Users\rookie\Documents\Projects\pronounce-web\flask_app.py:239]
2026-01-15 12:15:18,777 INFO: Analysis completed for submission #605 [in C:\Users\rookie\Documents\Projects\pronounce-web\flask_app.py:248]
2026-01-15 12:15:33,684 INFO: User 'test_phone' uploaded file for word 'book' (pre-test). Path: 66/1a2f441a-459c-4928-8284-264391c1cd79.mp3 [in C:\Users\rookie\Documents\Projects\pronounce-web\flask_app.py:239]
2026-01-15 12:15:33,717 INFO: Analysis completed for submission #606 [in C:\Users\rookie\Documents\Projects\pronounce-web\flask_app.py:248]
2026-01-15 12:15:46,530 INFO: User 'test_phone' uploaded file for word 'boy' (pre-test). Path: 66/70cba8ce-5b4a-439e-b470-7851f8b0ffda.mp3 [in C:\Users\rookie\Documents\Projects\pronounce-web\flask_app.py:239]
2026-01-15 12:15:46,567 INFO: Analysis completed for submission #607 [in C:\Users\rookie\Documents\Projects\pronounce-web\flask_app.py:248]
2026-01-15 12:15:59,459 INFO: User 'test_phone' uploaded file for word 'cake' (pre-test). Path: 66/7594101a-77a2-4c79-82c3-fc1f1fe410e9.mp3 [in C:\Users\rookie\Documents\Projects\pronounce-web\flask_app.py:239]
2026-01-15 12:15:59,489 INFO: Analysis completed for submission #608 [in C:\Users\rookie\Documents\Projects\pronounce-web\flask_app.py:248]
2026-01-15 12:16:15,883 INFO: User 'test_phone' uploaded file for word 'call' (pre-test). Path: 66/b839eec1-f49f-4928-85f0-6e653a316016.mp3 [in C:\Users\rookie\Documents\Projects\pronounce-web\flask_app.py:239]
2026-01-15 12:16:15,917 INFO: Analysis completed for submission #609 [in C:\Users\rookie\Documents\Projects\pronounce-web\flask_app.py:248]
2026-01-15 12:16:45,527 INFO: User 'test_phone' uploaded file for word 'cat' (pre-test). Path: 66/ff9ecedf-7ac7-45ef-8f78-f8ffeca52889.mp3 [in C:\Users\rookie\Documents\Projects\pronounce-web\flask_app.py:239]
2026-01-15 12:16:45,558 INFO: Analysis completed for submission #610 [in C:\Users\rookie\Documents\Projects\pronounce-web\flask_app.py:248]
2026-01-15 12:17:00,492 INFO: User 'test_phone' uploaded file for word 'chair' (pre-test). Path: 66/e5662466-ad59-4912-9ae0-80a8bc48f512.mp3 [in C:\Users\rookie\Documents\Projects\pronounce-web\flask_app.py:239]
2026-01-15 12:17:00,530 INFO: Analysis completed for submission #611 [in C:\Users\rookie\Documents\Projects\pronounce-web\flask_app.py:248]
2026-01-15 12:17:26,088 INFO: User 'test_phone' logged in successfully. [in C:\Users\rookie\Documents\Projects\pronounce-web\auth_routes.py:47]
2026-01-15 12:33:04,200 INFO: User 'test_phone' uploaded file for word 'cow' (pre-test). Path: 66/accab9a6-94d7-4c75-8c39-6a4b064a6d7c.mp3 [in C:\Users\rookie\Documents\Projects\pronounce-web\flask_app.py:239]
2026-01-15 12:33:04,370 INFO: Analysis completed for submission #612 [in C:\Users\rookie\Documents\Projects\pronounce-web\flask_app.py:248]
2026-01-15 12:33:58,257 INFO: User 'test_phone' uploaded file for word 'cup' (pre-test). Path: 66/1961a804-3904-4911-8e0e-1fafaacf43d4.mp3 [in C:\Users\rookie\Documents\Projects\pronounce-web\flask_app.py:239]
2026-01-15 12:33:58,288 INFO: Analysis completed for submission #613 [in C:\Users\rookie\Documents\Projects\pronounce-web\flask_app.py:248]
2026-01-15 12:39:28,707 INFO: User 'test_phone' uploaded file for word 'dark' (pre-test). Path: 66/b31978ef-4aad-48dd-b42d-6b1f6d7a26ce.mp3 [in C:\Users\rookie\Documents\Projects\pronounce-web\flask_app.py:239]
2026-01-15 12:39:28,740 INFO: Analysis completed for submission #614 [in C:\Users\rookie\Documents\Projects\pronounce-web\flask_app.py:248]
2026-01-15 12:39:45,769 INFO: User 'test_phone' uploaded file for word 'ear' (pre-test). Path: 66/abd991a7-774e-471f-a388-263c55c8fc35.mp3 [in C:\Users\rookie\Documents\Projects\pronounce-web\flask_app.py:239]
2026-01-15 12:39:45,800 INFO: Analysis completed for submission #615 [in C:\Users\rookie\Documents\Projects\pronounce-web\flask_app.py:248]
2026-01-15 12:39:54,010 INFO: User 'test_phone' uploaded file for word 'ear' (pre-test). Path: 66/32aa4e17-1605-49a9-b118-388921891421.mp3 [in C:\Users\rookie\Documents\Projects\pronounce-web\flask_app.py:239]
2026-01-15 12:39:54,039 INFO: Analysis completed for submission #616 [in C:\Users\rookie\Documents\Projects\pronounce-web\flask_app.py:248]
2026-01-15 12:40:17,693 INFO: User 'test_phone' uploaded file for word 'green' (pre-test). Path: 66/fccdeb08-9a7f-4ef1-bd4c-dd7acb9f1cc0.mp3 [in C:\Users\rookie\Documents\Projects\pronounce-web\flask_app.py:239]
2026-01-15 12:40:17,726 INFO: Analysis completed for submission #617 [in C:\Users\rookie\Documents\Projects\pronounce-web\flask_app.py:248]
2026-01-15 12:40:34,016 INFO: User 'test_phone' uploaded file for word 'hot' (pre-test). Path: 66/b2af4fe6-1b68-4bc1-9ba2-a712c578899f.mp3 [in C:\Users\rookie\Documents\Projects\pronounce-web\flask_app.py:239]
2026-01-15 12:40:34,047 INFO: Analysis completed for submission #618 [in C:\Users\rookie\Documents\Projects\pronounce-web\flask_app.py:248]
2026-01-15 12:40:59,153 INFO: User 'test_phone' uploaded file for word 'moon' (pre-test). Path: 66/bd0f8b2e-d48a-4ff1-bce9-9133fb54856d.mp3 [in C:\Users\rookie\Documents\Projects\pronounce-web\flask_app.py:239]
2026-01-15 12:40:59,189 INFO: Analysis completed for submission #619 [in C:\Users\rookie\Documents\Projects\pronounce-web\flask_app.py:248]
2026-01-15 12:46:18,210 INFO: User 'test_phone' uploaded file for word 'red' (pre-test). Path: 66/6419299a-130f-4dae-9f85-3742e0ecbcd2.mp3 [in C:\Users\rookie\Documents\Projects\pronounce-web\flask_app.py:239]
2026-01-15 12:46:18,238 INFO: Analysis completed for submission #620 [in C:\Users\rookie\Documents\Projects\pronounce-web\flask_app.py:248]
2026-01-15 12:46:35,219 INFO: User 'test_phone' uploaded file for word 'red' (pre-test). Path: 66/21b954e3-0800-4a54-b83c-118a8c1450e1.mp3 [in C:\Users\rookie\Documents\Projects\pronounce-web\flask_app.py:239]
2026-01-15 12:46:35,248 INFO: Analysis completed for submission #621 [in C:\Users\rookie\Documents\Projects\pronounce-web\flask_app.py:248]
2026-01-15 12:46:46,474 INFO: User 'test_phone' uploaded file for word 'red' (pre-test). Path: 66/4483cb33-6cab-4fce-9fa6-a52bdf078fb6.mp3 [in C:\Users\rookie\Documents\Projects\pronounce-web\flask_app.py:239]
2026-01-15 12:46:46,503 INFO: Analysis completed for submission #622 [in C:\Users\rookie\Documents\Projects\pronounce-web\flask_app.py:248]
2026-01-15 12:47:00,014 INFO: User 'test_phone' uploaded file for word 'sit' (pre-test). Path: 66/b9bceedf-10a2-46d8-adfd-e3c960ad0a70.mp3 [in C:\Users\rookie\Documents\Projects\pronounce-web\flask_app.py:239]
2026-01-15 12:47:00,050 INFO: Analysis completed for submission #623 [in C:\Users\rookie\Documents\Projects\pronounce-web\flask_app.py:248]
2026-01-16 01:35:07,894 INFO: User 'anna' logged in successfully. [in C:\Users\rookie\Documents\Projects\pronounce-web\auth_routes.py:47]
2026-01-16 01:37:47,021 INFO: User 'anna' uploaded file for word 'chair' (post-test). Path: 20/2e59a74b-61bc-4efa-a10b-cecd5965a4f6.mp3 [in C:\Users\rookie\Documents\Projects\pronounce-web\flask_app.py:239]
2026-01-16 01:37:47,075 INFO: Analysis completed for submission #624 [in C:\Users\rookie\Documents\Projects\pronounce-web\flask_app.py:248]
2026-01-16 01:37:58,627 INFO: User 'anna' uploaded file for word 'cow' (post-test). Path: 20/c0234057-6cfb-4831-947a-7642593984ce.mp3 [in C:\Users\rookie\Documents\Projects\pronounce-web\flask_app.py:239]
2026-01-16 01:37:58,665 INFO: Analysis completed for submission #625 [in C:\Users\rookie\Documents\Projects\pronounce-web\flask_app.py:248]
2026-01-16 01:38:18,688 INFO: User 'anna' uploaded file for word 'cup' (post-test). Path: 20/ec3c92fc-7a2d-4aea-b061-15c5b6e0dbdb.mp3 [in C:\Users\rookie\Documents\Projects\pronounce-web\flask_app.py:239]
2026-01-16 01:38:18,728 INFO: Analysis completed for submission #626 [in C:\Users\rookie\Documents\Projects\pronounce-web\flask_app.py:248]
